DEBUG - 2026-03-24 17:47:42 --> Session: Class initialized using 'CodeIgniter\Session\Handlers\FileHandler' driver.
DEBUG - 2026-03-24 17:47:48 --> Session: Class initialized using 'CodeIgniter\Session\Handlers\FileHandler' driver.
DEBUG - 2026-03-24 17:47:48 --> Session: Class initialized using 'CodeIgniter\Session\Handlers\FileHandler' driver.
WARNING - 2026-03-24 17:47:49 --> [DEPRECATED] Creation of dynamic property App\Controllers\ModificationMdp::$gsb_model is deprecated in APPPATH\Controllers\ModificationMdp.php on line 18.
 1 SYSTEMPATH\CodeIgniter.php(903): App\Controllers\ModificationMdp->__construct()
 2 SYSTEMPATH\CodeIgniter.php(498): CodeIgniter\CodeIgniter->createController()
 3 SYSTEMPATH\CodeIgniter.php(354): CodeIgniter\CodeIgniter->handleRequest(null, Object(Config\Cache), false)
 4 SYSTEMPATH\Boot.php(363): CodeIgniter\CodeIgniter->run()
 5 SYSTEMPATH\Boot.php(68): CodeIgniter\Boot::runCodeIgniter(Object(CodeIgniter\CodeIgniter))
 6 FCPATH\index.php(59): CodeIgniter\Boot::bootWeb(Object(Config\Paths))
 7 SYSTEMPATH\rewrite.php(44): require_once('D:\\Mathis_Servais-Picord_BTS2_SLAM\\GSBFrais\\public\\index.php')
DEBUG - 2026-03-24 17:47:49 --> Session: Class initialized using 'CodeIgniter\Session\Handlers\FileHandler' driver.
WARNING - 2026-03-24 17:47:54 --> [DEPRECATED] Creation of dynamic property App\Controllers\ModificationMdp::$gsb_model is deprecated in APPPATH\Controllers\ModificationMdp.php on line 18.
 1 SYSTEMPATH\CodeIgniter.php(903): App\Controllers\ModificationMdp->__construct()
 2 SYSTEMPATH\CodeIgniter.php(498): CodeIgniter\CodeIgniter->createController()
 3 SYSTEMPATH\CodeIgniter.php(354): CodeIgniter\CodeIgniter->handleRequest(null, Object(Config\Cache), false)
 4 SYSTEMPATH\Boot.php(363): CodeIgniter\CodeIgniter->run()
 5 SYSTEMPATH\Boot.php(68): CodeIgniter\Boot::runCodeIgniter(Object(CodeIgniter\CodeIgniter))
 6 FCPATH\index.php(59): CodeIgniter\Boot::bootWeb(Object(Config\Paths))
 7 SYSTEMPATH\rewrite.php(44): require_once('D:\\Mathis_Servais-Picord_BTS2_SLAM\\GSBFrais\\public\\index.php')
DEBUG - 2026-03-24 17:47:54 --> Session: Class initialized using 'CodeIgniter\Session\Handlers\FileHandler' driver.
WARNING - 2026-03-24 17:47:54 --> [DEPRECATED] Creation of dynamic property App\Controllers\ModificationMdp::$gsb_model is deprecated in APPPATH\Controllers\ModificationMdp.php on line 18.
 1 SYSTEMPATH\CodeIgniter.php(903): App\Controllers\ModificationMdp->__construct()
 2 SYSTEMPATH\CodeIgniter.php(498): CodeIgniter\CodeIgniter->createController()
 3 SYSTEMPATH\CodeIgniter.php(354): CodeIgniter\CodeIgniter->handleRequest(null, Object(Config\Cache), false)
 4 SYSTEMPATH\Boot.php(363): CodeIgniter\CodeIgniter->run()
 5 SYSTEMPATH\Boot.php(68): CodeIgniter\Boot::runCodeIgniter(Object(CodeIgniter\CodeIgniter))
 6 FCPATH\index.php(59): CodeIgniter\Boot::bootWeb(Object(Config\Paths))
 7 SYSTEMPATH\rewrite.php(44): require_once('D:\\Mathis_Servais-Picord_BTS2_SLAM\\GSBFrais\\public\\index.php')
DEBUG - 2026-03-24 17:47:54 --> Session: Class initialized using 'CodeIgniter\Session\Handlers\FileHandler' driver.
DEBUG - 2026-03-24 17:47:57 --> Session: Class initialized using 'CodeIgniter\Session\Handlers\FileHandler' driver.
DEBUG - 2026-03-24 17:48:01 --> Session: Class initialized using 'CodeIgniter\Session\Handlers\FileHandler' driver.
DEBUG - 2026-03-24 17:48:01 --> Session: Class initialized using 'CodeIgniter\Session\Handlers\FileHandler' driver.
DEBUG - 2026-03-24 17:49:01 --> Session: Class initialized using 'CodeIgniter\Session\Handlers\FileHandler' driver.
DEBUG - 2026-03-24 17:49:01 --> Session: Class initialized using 'CodeIgniter\Session\Handlers\FileHandler' driver.
DEBUG - 2026-03-24 17:50:03 --> Session: Class initialized using 'CodeIgniter\Session\Handlers\FileHandler' driver.
DEBUG - 2026-03-24 17:50:11 --> Session: Class initialized using 'CodeIgniter\Session\Handlers\FileHandler' driver.
DEBUG - 2026-03-24 17:50:14 --> Session: Class initialized using 'CodeIgniter\Session\Handlers\FileHandler' driver.
DEBUG - 2026-03-24 17:50:17 --> Session: Class initialized using 'CodeIgniter\Session\Handlers\FileHandler' driver.
DEBUG - 2026-03-24 17:50:17 --> Session: Class initialized using 'CodeIgniter\Session\Handlers\FileHandler' driver.
DEBUG - 2026-03-24 17:50:18 --> Session: Class initialized using 'CodeIgniter\Session\Handlers\FileHandler' driver.
DEBUG - 2026-03-24 17:50:19 --> Session: Class initialized using 'CodeIgniter\Session\Handlers\FileHandler' driver.
WARNING - 2026-03-24 17:50:21 --> [DEPRECATED] Creation of dynamic property App\Controllers\ModificationMdp::$gsb_model is deprecated in APPPATH\Controllers\ModificationMdp.php on line 18.
 1 SYSTEMPATH\CodeIgniter.php(903): App\Controllers\ModificationMdp->__construct()
 2 SYSTEMPATH\CodeIgniter.php(498): CodeIgniter\CodeIgniter->createController()
 3 SYSTEMPATH\CodeIgniter.php(354): CodeIgniter\CodeIgniter->handleRequest(null, Object(Config\Cache), false)
 4 SYSTEMPATH\Boot.php(363): CodeIgniter\CodeIgniter->run()
 5 SYSTEMPATH\Boot.php(68): CodeIgniter\Boot::runCodeIgniter(Object(CodeIgniter\CodeIgniter))
 6 FCPATH\index.php(59): CodeIgniter\Boot::bootWeb(Object(Config\Paths))
 7 SYSTEMPATH\rewrite.php(44): require_once('D:\\Mathis_Servais-Picord_BTS2_SLAM\\GSBFrais\\public\\index.php')
DEBUG - 2026-03-24 17:50:21 --> Session: Class initialized using 'CodeIgniter\Session\Handlers\FileHandler' driver.
DEBUG - 2026-03-24 17:51:37 --> Session: Class initialized using 'CodeIgniter\Session\Handlers\FileHandler' driver.
DEBUG - 2026-03-24 17:51:38 --> Session: Class initialized using 'CodeIgniter\Session\Handlers\FileHandler' driver.
DEBUG - 2026-03-24 17:51:45 --> Session: Class initialized using 'CodeIgniter\Session\Handlers\FileHandler' driver.
DEBUG - 2026-03-24 17:51:45 --> Session: Class initialized using 'CodeIgniter\Session\Handlers\FileHandler' driver.
DEBUG - 2026-03-24 17:51:48 --> Session: Class initialized using 'CodeIgniter\Session\Handlers\FileHandler' driver.
WARNING - 2026-03-24 18:30:23 --> [DEPRECATED] Creation of dynamic property App\Controllers\ModificationMdp::$gsb_model is deprecated in APPPATH\Controllers\ModificationMdp.php on line 18.
 1 SYSTEMPATH\CodeIgniter.php(903): App\Controllers\ModificationMdp->__construct()
 2 SYSTEMPATH\CodeIgniter.php(498): CodeIgniter\CodeIgniter->createController()
 3 SYSTEMPATH\CodeIgniter.php(354): CodeIgniter\CodeIgniter->handleRequest(null, Object(Config\Cache), false)
 4 SYSTEMPATH\Boot.php(363): CodeIgniter\CodeIgniter->run()
 5 SYSTEMPATH\Boot.php(68): CodeIgniter\Boot::runCodeIgniter(Object(CodeIgniter\CodeIgniter))
 6 FCPATH\index.php(59): CodeIgniter\Boot::bootWeb(Object(Config\Paths))
 7 SYSTEMPATH\rewrite.php(44): require_once('D:\\Mathis_Servais-Picord_BTS2_SLAM\\GSBFrais\\public\\index.php')
DEBUG - 2026-03-24 18:30:23 --> Session: Class initialized using 'CodeIgniter\Session\Handlers\FileHandler' driver.
WARNING - 2026-03-24 18:33:17 --> [DEPRECATED] Creation of dynamic property App\Controllers\ModificationMdp::$gsb_model is deprecated in APPPATH\Controllers\ModificationMdp.php on line 18.
 1 SYSTEMPATH\CodeIgniter.php(903): App\Controllers\ModificationMdp->__construct()
 2 SYSTEMPATH\CodeIgniter.php(498): CodeIgniter\CodeIgniter->createController()
 3 SYSTEMPATH\CodeIgniter.php(354): CodeIgniter\CodeIgniter->handleRequest(null, Object(Config\Cache), false)
 4 SYSTEMPATH\Boot.php(363): CodeIgniter\CodeIgniter->run()
 5 SYSTEMPATH\Boot.php(68): CodeIgniter\Boot::runCodeIgniter(Object(CodeIgniter\CodeIgniter))
 6 FCPATH\index.php(59): CodeIgniter\Boot::bootWeb(Object(Config\Paths))
 7 SYSTEMPATH\rewrite.php(44): require_once('D:\\Mathis_Servais-Picord_BTS2_SLAM\\GSBFrais\\public\\index.php')
DEBUG - 2026-03-24 18:33:17 --> Session: Class initialized using 'CodeIgniter\Session\Handlers\FileHandler' driver.
WARNING - 2026-03-24 18:33:17 --> [DEPRECATED] Creation of dynamic property App\Controllers\ModificationMdp::$gsb_model is deprecated in APPPATH\Controllers\ModificationMdp.php on line 18.
 1 SYSTEMPATH\CodeIgniter.php(903): App\Controllers\ModificationMdp->__construct()
 2 SYSTEMPATH\CodeIgniter.php(498): CodeIgniter\CodeIgniter->createController()
 3 SYSTEMPATH\CodeIgniter.php(354): CodeIgniter\CodeIgniter->handleRequest(null, Object(Config\Cache), false)
 4 SYSTEMPATH\Boot.php(363): CodeIgniter\CodeIgniter->run()
 5 SYSTEMPATH\Boot.php(68): CodeIgniter\Boot::runCodeIgniter(Object(CodeIgniter\CodeIgniter))
 6 FCPATH\index.php(59): CodeIgniter\Boot::bootWeb(Object(Config\Paths))
 7 SYSTEMPATH\rewrite.php(44): require_once('D:\\Mathis_Servais-Picord_BTS2_SLAM\\GSBFrais\\public\\index.php')
DEBUG - 2026-03-24 18:33:17 --> Session: Class initialized using 'CodeIgniter\Session\Handlers\FileHandler' driver.
WARNING - 2026-03-24 18:33:54 --> [DEPRECATED] Creation of dynamic property App\Controllers\ModificationMdp::$gsb_model is deprecated in APPPATH\Controllers\ModificationMdp.php on line 18.
 1 SYSTEMPATH\CodeIgniter.php(903): App\Controllers\ModificationMdp->__construct()
 2 SYSTEMPATH\CodeIgniter.php(498): CodeIgniter\CodeIgniter->createController()
 3 SYSTEMPATH\CodeIgniter.php(354): CodeIgniter\CodeIgniter->handleRequest(null, Object(Config\Cache), false)
 4 SYSTEMPATH\Boot.php(363): CodeIgniter\CodeIgniter->run()
 5 SYSTEMPATH\Boot.php(68): CodeIgniter\Boot::runCodeIgniter(Object(CodeIgniter\CodeIgniter))
 6 FCPATH\index.php(59): CodeIgniter\Boot::bootWeb(Object(Config\Paths))
 7 SYSTEMPATH\rewrite.php(44): require_once('D:\\Mathis_Servais-Picord_BTS2_SLAM\\GSBFrais\\public\\index.php')
DEBUG - 2026-03-24 18:33:54 --> Session: Class initialized using 'CodeIgniter\Session\Handlers\FileHandler' driver.
WARNING - 2026-03-24 18:33:54 --> [DEPRECATED] Creation of dynamic property App\Controllers\ModificationMdp::$gsb_model is deprecated in APPPATH\Controllers\ModificationMdp.php on line 18.
 1 SYSTEMPATH\CodeIgniter.php(903): App\Controllers\ModificationMdp->__construct()
 2 SYSTEMPATH\CodeIgniter.php(498): CodeIgniter\CodeIgniter->createController()
 3 SYSTEMPATH\CodeIgniter.php(354): CodeIgniter\CodeIgniter->handleRequest(null, Object(Config\Cache), false)
 4 SYSTEMPATH\Boot.php(363): CodeIgniter\CodeIgniter->run()
 5 SYSTEMPATH\Boot.php(68): CodeIgniter\Boot::runCodeIgniter(Object(CodeIgniter\CodeIgniter))
 6 FCPATH\index.php(59): CodeIgniter\Boot::bootWeb(Object(Config\Paths))
 7 SYSTEMPATH\rewrite.php(44): require_once('D:\\Mathis_Servais-Picord_BTS2_SLAM\\GSBFrais\\public\\index.php')
DEBUG - 2026-03-24 18:33:54 --> Session: Class initialized using 'CodeIgniter\Session\Handlers\FileHandler' driver.
WARNING - 2026-03-24 18:39:02 --> [DEPRECATED] Creation of dynamic property App\Controllers\ModificationMdp::$gsb_model is deprecated in APPPATH\Controllers\ModificationMdp.php on line 18.
 1 SYSTEMPATH\CodeIgniter.php(903): App\Controllers\ModificationMdp->__construct()
 2 SYSTEMPATH\CodeIgniter.php(498): CodeIgniter\CodeIgniter->createController()
 3 SYSTEMPATH\CodeIgniter.php(354): CodeIgniter\CodeIgniter->handleRequest(null, Object(Config\Cache), false)
 4 SYSTEMPATH\Boot.php(363): CodeIgniter\CodeIgniter->run()
 5 SYSTEMPATH\Boot.php(68): CodeIgniter\Boot::runCodeIgniter(Object(CodeIgniter\CodeIgniter))
 6 FCPATH\index.php(59): CodeIgniter\Boot::bootWeb(Object(Config\Paths))
 7 SYSTEMPATH\rewrite.php(44): require_once('D:\\Mathis_Servais-Picord_BTS2_SLAM\\GSBFrais\\public\\index.php')
DEBUG - 2026-03-24 18:39:03 --> Session: Class initialized using 'CodeIgniter\Session\Handlers\FileHandler' driver.
WARNING - 2026-03-24 18:39:06 --> [DEPRECATED] Creation of dynamic property App\Controllers\ModificationMdp::$gsb_model is deprecated in APPPATH\Controllers\ModificationMdp.php on line 18.
 1 SYSTEMPATH\CodeIgniter.php(903): App\Controllers\ModificationMdp->__construct()
 2 SYSTEMPATH\CodeIgniter.php(498): CodeIgniter\CodeIgniter->createController()
 3 SYSTEMPATH\CodeIgniter.php(354): CodeIgniter\CodeIgniter->handleRequest(null, Object(Config\Cache), false)
 4 SYSTEMPATH\Boot.php(363): CodeIgniter\CodeIgniter->run()
 5 SYSTEMPATH\Boot.php(68): CodeIgniter\Boot::runCodeIgniter(Object(CodeIgniter\CodeIgniter))
 6 FCPATH\index.php(59): CodeIgniter\Boot::bootWeb(Object(Config\Paths))
 7 SYSTEMPATH\rewrite.php(44): require_once('D:\\Mathis_Servais-Picord_BTS2_SLAM\\GSBFrais\\public\\index.php')
DEBUG - 2026-03-24 18:39:06 --> Session: Class initialized using 'CodeIgniter\Session\Handlers\FileHandler' driver.
WARNING - 2026-03-24 18:39:06 --> [DEPRECATED] Creation of dynamic property App\Controllers\ModificationMdp::$gsb_model is deprecated in APPPATH\Controllers\ModificationMdp.php on line 18.
 1 SYSTEMPATH\CodeIgniter.php(903): App\Controllers\ModificationMdp->__construct()
 2 SYSTEMPATH\CodeIgniter.php(498): CodeIgniter\CodeIgniter->createController()
 3 SYSTEMPATH\CodeIgniter.php(354): CodeIgniter\CodeIgniter->handleRequest(null, Object(Config\Cache), false)
 4 SYSTEMPATH\Boot.php(363): CodeIgniter\CodeIgniter->run()
 5 SYSTEMPATH\Boot.php(68): CodeIgniter\Boot::runCodeIgniter(Object(CodeIgniter\CodeIgniter))
 6 FCPATH\index.php(59): CodeIgniter\Boot::bootWeb(Object(Config\Paths))
 7 SYSTEMPATH\rewrite.php(44): require_once('D:\\Mathis_Servais-Picord_BTS2_SLAM\\GSBFrais\\public\\index.php')
DEBUG - 2026-03-24 18:39:06 --> Session: Class initialized using 'CodeIgniter\Session\Handlers\FileHandler' driver.
WARNING - 2026-03-24 18:40:11 --> [DEPRECATED] Creation of dynamic property App\Controllers\ModificationMdp::$gsb_model is deprecated in APPPATH\Controllers\ModificationMdp.php on line 18.
 1 SYSTEMPATH\CodeIgniter.php(903): App\Controllers\ModificationMdp->__construct()
 2 SYSTEMPATH\CodeIgniter.php(498): CodeIgniter\CodeIgniter->createController()
 3 SYSTEMPATH\CodeIgniter.php(354): CodeIgniter\CodeIgniter->handleRequest(null, Object(Config\Cache), false)
 4 SYSTEMPATH\Boot.php(363): CodeIgniter\CodeIgniter->run()
 5 SYSTEMPATH\Boot.php(68): CodeIgniter\Boot::runCodeIgniter(Object(CodeIgniter\CodeIgniter))
 6 FCPATH\index.php(59): CodeIgniter\Boot::bootWeb(Object(Config\Paths))
 7 SYSTEMPATH\rewrite.php(44): require_once('D:\\Mathis_Servais-Picord_BTS2_SLAM\\GSBFrais\\public\\index.php')
DEBUG - 2026-03-24 18:40:11 --> Session: Class initialized using 'CodeIgniter\Session\Handlers\FileHandler' driver.
WARNING - 2026-03-24 18:40:11 --> [DEPRECATED] Creation of dynamic property App\Controllers\ModificationMdp::$gsb_model is deprecated in APPPATH\Controllers\ModificationMdp.php on line 18.
 1 SYSTEMPATH\CodeIgniter.php(903): App\Controllers\ModificationMdp->__construct()
 2 SYSTEMPATH\CodeIgniter.php(498): CodeIgniter\CodeIgniter->createController()
 3 SYSTEMPATH\CodeIgniter.php(354): CodeIgniter\CodeIgniter->handleRequest(null, Object(Config\Cache), false)
 4 SYSTEMPATH\Boot.php(363): CodeIgniter\CodeIgniter->run()
 5 SYSTEMPATH\Boot.php(68): CodeIgniter\Boot::runCodeIgniter(Object(CodeIgniter\CodeIgniter))
 6 FCPATH\index.php(59): CodeIgniter\Boot::bootWeb(Object(Config\Paths))
 7 SYSTEMPATH\rewrite.php(44): require_once('D:\\Mathis_Servais-Picord_BTS2_SLAM\\GSBFrais\\public\\index.php')
DEBUG - 2026-03-24 18:40:11 --> Session: Class initialized using 'CodeIgniter\Session\Handlers\FileHandler' driver.
WARNING - 2026-03-24 18:40:28 --> [DEPRECATED] Creation of dynamic property App\Controllers\ModificationMdp::$gsb_model is deprecated in APPPATH\Controllers\ModificationMdp.php on line 18.
 1 SYSTEMPATH\CodeIgniter.php(903): App\Controllers\ModificationMdp->__construct()
 2 SYSTEMPATH\CodeIgniter.php(498): CodeIgniter\CodeIgniter->createController()
 3 SYSTEMPATH\CodeIgniter.php(354): CodeIgniter\CodeIgniter->handleRequest(null, Object(Config\Cache), false)
 4 SYSTEMPATH\Boot.php(363): CodeIgniter\CodeIgniter->run()
 5 SYSTEMPATH\Boot.php(68): CodeIgniter\Boot::runCodeIgniter(Object(CodeIgniter\CodeIgniter))
 6 FCPATH\index.php(59): CodeIgniter\Boot::bootWeb(Object(Config\Paths))
 7 SYSTEMPATH\rewrite.php(44): require_once('D:\\Mathis_Servais-Picord_BTS2_SLAM\\GSBFrais\\public\\index.php')
DEBUG - 2026-03-24 18:40:28 --> Session: Class initialized using 'CodeIgniter\Session\Handlers\FileHandler' driver.
WARNING - 2026-03-24 18:40:28 --> [DEPRECATED] Creation of dynamic property App\Controllers\ModificationMdp::$gsb_model is deprecated in APPPATH\Controllers\ModificationMdp.php on line 18.
 1 SYSTEMPATH\CodeIgniter.php(903): App\Controllers\ModificationMdp->__construct()
 2 SYSTEMPATH\CodeIgniter.php(498): CodeIgniter\CodeIgniter->createController()
 3 SYSTEMPATH\CodeIgniter.php(354): CodeIgniter\CodeIgniter->handleRequest(null, Object(Config\Cache), false)
 4 SYSTEMPATH\Boot.php(363): CodeIgniter\CodeIgniter->run()
 5 SYSTEMPATH\Boot.php(68): CodeIgniter\Boot::runCodeIgniter(Object(CodeIgniter\CodeIgniter))
 6 FCPATH\index.php(59): CodeIgniter\Boot::bootWeb(Object(Config\Paths))
 7 SYSTEMPATH\rewrite.php(44): require_once('D:\\Mathis_Servais-Picord_BTS2_SLAM\\GSBFrais\\public\\index.php')
DEBUG - 2026-03-24 18:40:28 --> Session: Class initialized using 'CodeIgniter\Session\Handlers\FileHandler' driver.
WARNING - 2026-03-24 18:40:49 --> [DEPRECATED] Creation of dynamic property App\Controllers\ModificationMdp::$gsb_model is deprecated in APPPATH\Controllers\ModificationMdp.php on line 18.
 1 SYSTEMPATH\CodeIgniter.php(903): App\Controllers\ModificationMdp->__construct()
 2 SYSTEMPATH\CodeIgniter.php(498): CodeIgniter\CodeIgniter->createController()
 3 SYSTEMPATH\CodeIgniter.php(354): CodeIgniter\CodeIgniter->handleRequest(null, Object(Config\Cache), false)
 4 SYSTEMPATH\Boot.php(363): CodeIgniter\CodeIgniter->run()
 5 SYSTEMPATH\Boot.php(68): CodeIgniter\Boot::runCodeIgniter(Object(CodeIgniter\CodeIgniter))
 6 FCPATH\index.php(59): CodeIgniter\Boot::bootWeb(Object(Config\Paths))
 7 SYSTEMPATH\rewrite.php(44): require_once('D:\\Mathis_Servais-Picord_BTS2_SLAM\\GSBFrais\\public\\index.php')
DEBUG - 2026-03-24 18:40:49 --> Session: Class initialized using 'CodeIgniter\Session\Handlers\FileHandler' driver.
WARNING - 2026-03-24 18:40:49 --> [DEPRECATED] Creation of dynamic property App\Controllers\ModificationMdp::$gsb_model is deprecated in APPPATH\Controllers\ModificationMdp.php on line 18.
 1 SYSTEMPATH\CodeIgniter.php(903): App\Controllers\ModificationMdp->__construct()
 2 SYSTEMPATH\CodeIgniter.php(498): CodeIgniter\CodeIgniter->createController()
 3 SYSTEMPATH\CodeIgniter.php(354): CodeIgniter\CodeIgniter->handleRequest(null, Object(Config\Cache), false)
 4 SYSTEMPATH\Boot.php(363): CodeIgniter\CodeIgniter->run()
 5 SYSTEMPATH\Boot.php(68): CodeIgniter\Boot::runCodeIgniter(Object(CodeIgniter\CodeIgniter))
 6 FCPATH\index.php(59): CodeIgniter\Boot::bootWeb(Object(Config\Paths))
 7 SYSTEMPATH\rewrite.php(44): require_once('D:\\Mathis_Servais-Picord_BTS2_SLAM\\GSBFrais\\public\\index.php')
DEBUG - 2026-03-24 18:40:49 --> Session: Class initialized using 'CodeIgniter\Session\Handlers\FileHandler' driver.
WARNING - 2026-03-24 18:41:06 --> [DEPRECATED] Creation of dynamic property App\Controllers\ModificationMdp::$gsb_model is deprecated in APPPATH\Controllers\ModificationMdp.php on line 18.
 1 SYSTEMPATH\CodeIgniter.php(903): App\Controllers\ModificationMdp->__construct()
 2 SYSTEMPATH\CodeIgniter.php(498): CodeIgniter\CodeIgniter->createController()
 3 SYSTEMPATH\CodeIgniter.php(354): CodeIgniter\CodeIgniter->handleRequest(null, Object(Config\Cache), false)
 4 SYSTEMPATH\Boot.php(363): CodeIgniter\CodeIgniter->run()
 5 SYSTEMPATH\Boot.php(68): CodeIgniter\Boot::runCodeIgniter(Object(CodeIgniter\CodeIgniter))
 6 FCPATH\index.php(59): CodeIgniter\Boot::bootWeb(Object(Config\Paths))
 7 SYSTEMPATH\rewrite.php(44): require_once('D:\\Mathis_Servais-Picord_BTS2_SLAM\\GSBFrais\\public\\index.php')
DEBUG - 2026-03-24 18:41:06 --> Session: Class initialized using 'CodeIgniter\Session\Handlers\FileHandler' driver.
WARNING - 2026-03-24 18:41:06 --> [DEPRECATED] Creation of dynamic property App\Controllers\ModificationMdp::$gsb_model is deprecated in APPPATH\Controllers\ModificationMdp.php on line 18.
 1 SYSTEMPATH\CodeIgniter.php(903): App\Controllers\ModificationMdp->__construct()
 2 SYSTEMPATH\CodeIgniter.php(498): CodeIgniter\CodeIgniter->createController()
 3 SYSTEMPATH\CodeIgniter.php(354): CodeIgniter\CodeIgniter->handleRequest(null, Object(Config\Cache), false)
 4 SYSTEMPATH\Boot.php(363): CodeIgniter\CodeIgniter->run()
 5 SYSTEMPATH\Boot.php(68): CodeIgniter\Boot::runCodeIgniter(Object(CodeIgniter\CodeIgniter))
 6 FCPATH\index.php(59): CodeIgniter\Boot::bootWeb(Object(Config\Paths))
 7 SYSTEMPATH\rewrite.php(44): require_once('D:\\Mathis_Servais-Picord_BTS2_SLAM\\GSBFrais\\public\\index.php')
DEBUG - 2026-03-24 18:41:06 --> Session: Class initialized using 'CodeIgniter\Session\Handlers\FileHandler' driver.
